<?xml version="1.0" encoding="UTF-8"?>
<!-- Generated by org.testng.reporters.JUnitReportReporter -->
<testsuite hostname="swaroopreddy" failures="0" tests="1" name="com.hyr.Test.Test" time="0.016" errors="0" timestamp="2023-08-19T19:52:48 IST" skipped="0">
  <testcase classname="com.hyr.Test.Test" name="Test" time="0.016"/>
</testsuite> <!-- com.hyr.Test.Test -->
