<?xml version="1.0" encoding="UTF-8"?>
<!-- Generated by org.testng.reporters.JUnitReportReporter -->
<testsuite hostname="swaroopreddy" failures="0" tests="1" name="com.hyr.Test.TestGoogle" time="149.475" errors="0" timestamp="2023-08-28T10:10:04 IST" skipped="0">
  <testcase classname="com.hyr.Test.TestGoogle" name="Facebook" time="149.475"/>
</testsuite> <!-- com.hyr.Test.TestGoogle -->
