<?xml version="1.0" encoding="UTF-8"?>
<!-- Generated by org.testng.reporters.JUnitReportReporter -->
<testsuite hostname="swaroopreddy" failures="0" tests="4" name="com.demo.hyr.newtest" time="0.090" errors="0" timestamp="2023-08-21T16:04:02 IST" skipped="0">
  <testcase classname="com.demo.hyr.newtest" name="test2" time="0.039"/>
  <testcase classname="com.demo.hyr.newtest" name="test4" time="0.003"/>
  <testcase classname="com.demo.hyr.newtest" name="test3" time="0.015"/>
  <testcase classname="com.demo.hyr.newtest" name="test1" time="0.033"/>
</testsuite> <!-- com.demo.hyr.newtest -->
