<?xml version="1.0" encoding="UTF-8"?>
<!-- Generated by org.testng.reporters.JUnitReportReporter -->
<testsuite hostname="swaroopreddy" failures="0" tests="1" name="com.hyr.Test.FirstTest$TestGoogle" time="12.036" errors="0" timestamp="2023-08-19T19:10:40 IST" skipped="0">
  <testcase classname="com.hyr.Test.FirstTest$TestGoogle" name="Google" time="12.036"/>
</testsuite> <!-- com.hyr.Test.FirstTest$TestGoogle -->
