<?xml version="1.0" encoding="UTF-8"?>
<!-- Generated by org.testng.reporters.JUnitReportReporter -->
<testsuite hostname="swaroopreddy" failures="0" tests="1" name="testexp" time="0.016" errors="0" timestamp="2023-08-19T16:30:28 IST" skipped="0">
  <testcase classname="testexp" name="add" time="0.016"/>
</testsuite> <!-- testexp -->
