<?xml version="1.0" encoding="UTF-8"?>
<!-- Generated by org.testng.reporters.JUnitReportReporter -->
<testsuite hostname="swaroopreddy" failures="0" tests="1" name="com.hyr.Test.TestAnnonations" time="0.012" errors="0" timestamp="2023-08-21T09:52:42 IST" skipped="0">
  <testcase classname="com.hyr.Test.TestAnnonations" name="testmehod1" time="0.012"/>
</testsuite> <!-- com.hyr.Test.TestAnnonations -->
