<?xml version="1.0" encoding="UTF-8"?>
<!-- Generated by org.testng.reporters.JUnitReportReporter -->
<testsuite hostname="swaroopreddy" failures="0" tests="6" name="com.hyr.Test.orangeHrm" time="87.360" errors="0" timestamp="2023-08-19T18:14:24 IST" skipped="0">
  <testcase classname="com.hyr.Test.orangeHrm" name="LoginDetails" time="12.132"/>
  <testcase classname="com.hyr.Test.orangeHrm" name="Google" time="20.929"/>
  <testcase classname="com.hyr.Test.orangeHrm" name="LanchApp" time="15.338"/>
  <testcase classname="com.hyr.Test.orangeHrm" name="Navigatetomyinfo" time="14.954"/>
  <testcase classname="com.hyr.Test.orangeHrm" name="LanchApp" time="12.394"/>
  <testcase classname="com.hyr.Test.orangeHrm" name="LoginDetails" time="11.613"/>
</testsuite> <!-- com.hyr.Test.orangeHrm -->
