<?xml version="1.0" encoding="UTF-8"?>
<!-- Generated by org.testng.reporters.JUnitReportReporter -->
<testsuite hostname="swaroopreddy" failures="0" tests="6" name="com.demo.hyr.newtest2" time="0.158" errors="0" timestamp="2023-08-21T16:04:02 IST" skipped="0">
  <testcase classname="com.demo.hyr.newtest2" name="test14" time="0.004"/>
  <testcase classname="com.demo.hyr.newtest2" name="test16" time="0.004"/>
  <testcase classname="com.demo.hyr.newtest2" name="test12" time="0.007"/>
  <testcase classname="com.demo.hyr.newtest2" name="test15" time="0.002"/>
  <testcase classname="com.demo.hyr.newtest2" name="test11" time="0.029"/>
  <testcase classname="com.demo.hyr.newtest2" name="test13" time="0.112"/>
</testsuite> <!-- com.demo.hyr.newtest2 -->
