<?xml version="1.0" encoding="UTF-8"?>
<!-- Generated by org.testng.reporters.JUnitReportReporter -->
<testsuite hostname="swaroopreddy" failures="0" tests="6" name="com.demo.hyr.newtest1" time="0.133" errors="0" timestamp="2023-08-21T16:04:02 IST" skipped="0">
  <testcase classname="com.demo.hyr.newtest1" name="test7" time="0.004"/>
  <testcase classname="com.demo.hyr.newtest1" name="test9" time="0.006"/>
  <testcase classname="com.demo.hyr.newtest1" name="test10" time="0.035"/>
  <testcase classname="com.demo.hyr.newtest1" name="test6" time="0.029"/>
  <testcase classname="com.demo.hyr.newtest1" name="test5" time="0.013"/>
  <testcase classname="com.demo.hyr.newtest1" name="test8" time="0.046"/>
</testsuite> <!-- com.demo.hyr.newtest1 -->
