<?xml version="1.0" encoding="UTF-8"?>
<!-- Generated by org.testng.reporters.JUnitReportReporter -->
<testsuite hostname="swaroopreddy" failures="0" tests="1" name="TestRunner.testrun" time="0.000" errors="0" timestamp="29 Aug 2023 09:27:38 GMT" skipped="1">
  <testcase classname="TestRunner.testrun" name="runScenario" time="0.000">
    <skipped/>
  </testcase> <!-- runScenario -->
</testsuite> <!-- TestRunner.testrun -->
